010011000000110
010010100000010
010111100000110
100100100000100
010010100000100
101000000000001
101011100000000
010010100000110
010110000000110
010110000000110
010011100000110
010011000000000
010110100000110
000101100000001
010100000000110
010011000000000
010100100000000
100100100000000
010011000000000
101001000000000
101010100011100
100100100000000
010011000000000
101001000000000
101010100011101
100100100000011
100100100000000
101001100011110
100100100000000
100100100000000
010011000000110
101000100000000
101011000001111
010010100000011
